2022-08-28T16:28:03.426640+00:00 WARNING 'ansible_navigator.image_manager.puller._log_message' Image inspection failed, image assumed to be corrupted or missing
2022-08-28T16:28:05.772083+00:00 ERROR 'ansible_navigator.image_manager.puller._log_message' Execution environment pull failed
2022-08-28T16:28:43.907603+00:00 WARNING 'ansible_navigator.image_manager.puller._log_message' Image inspection failed, image assumed to be corrupted or missing
2022-08-28T16:29:45.347870+00:00 WARNING 'ansible_navigator.actions.run_c40e._update_args' Configuration errors encountered, rolling back to previous configuration.
2022-08-28T16:29:45.348097+00:00 WARNING 'ansible_navigator.actions.run_c40e._update_args' Issues were found while applying the settings.
2022-08-28T16:29:45.348176+00:00 WARNING 'ansible_navigator.actions.run_c40e._update_args' A playbook is required when using the run subcommand
2022-08-28T16:32:17.109308+00:00 WARNING 'ansible_navigator.image_manager.puller._log_message' Image inspection failed, image assumed to be corrupted or missing
2022-08-28T16:32:27.776686+00:00 ERROR 'ansible_navigator.image_manager.puller._log_message' Execution environment pull failed
2022-08-28T16:32:47.837456+00:00 WARNING 'ansible_navigator.image_manager.puller._log_message' Image inspection failed, image assumed to be corrupted or missing
2022-08-28T16:32:50.714094+00:00 ERROR 'ansible_navigator.image_manager.puller._log_message' Execution environment pull failed
2022-08-28T16:33:57.186551+00:00 WARNING 'ansible_navigator.image_manager.puller._log_message' Image inspection failed, image assumed to be corrupted or missing
2022-08-28T16:34:16.261855+00:00 CRITICAL 'ansible_navigator.actions.run_6b01._handle_message' Unhandled message from runner queue, discarded: {'event': 'verbose', 'uuid': '4585b1cf-bd01-40fb-af86-568101f260d6', 'counter': 1, 'stdout': "\x1b[0;31mERROR! couldn't resolve module/action 'community.general.gitlab_project'. This often indicates a misspelling, missing collection, or incorrect module path.\x1b[0m", 'start_line': 0, 'end_line': 1, 'runner_ident': '6f96a02c-a829-476c-a390-0447c2a6faba', 'created': '2022-08-28T16:34:16.261390'}
2022-08-28T16:34:16.262507+00:00 CRITICAL 'ansible_navigator.actions.run_6b01._handle_message' Unhandled message from runner queue, discarded: {'event': 'verbose', 'uuid': '3bb23cb5-fcd3-47e5-bc6e-7d9aa2ba9c99', 'counter': 2, 'stdout': '\x1b[0;31m\x1b[0m', 'start_line': 1, 'end_line': 2, 'runner_ident': '6f96a02c-a829-476c-a390-0447c2a6faba', 'created': '2022-08-28T16:34:16.262304'}
2022-08-28T16:34:16.365439+00:00 CRITICAL 'ansible_navigator.actions.run_6b01._handle_message' Unhandled message from runner queue, discarded: {'event': 'verbose', 'uuid': '699aa21b-a5e5-442f-b253-91fe78db3d27', 'counter': 3, 'stdout': "\x1b[0;31mThe error appears to be in '/home/student/Github/DO467_Notes/Demos/Demo_Setup/Gitlab/Create_Gitlab_Project.yml': line 7, column 7, but may\x1b[0m", 'start_line': 2, 'end_line': 3, 'runner_ident': '6f96a02c-a829-476c-a390-0447c2a6faba', 'created': '2022-08-28T16:34:16.263519'}
2022-08-28T16:34:16.365605+00:00 CRITICAL 'ansible_navigator.actions.run_6b01._handle_message' Unhandled message from runner queue, discarded: {'event': 'verbose', 'uuid': '344f048c-dcc4-4b61-93c2-ce0246f8a29d', 'counter': 4, 'stdout': '\x1b[0;31mbe elsewhere in the file depending on the exact syntax problem.\x1b[0m', 'start_line': 3, 'end_line': 4, 'runner_ident': '6f96a02c-a829-476c-a390-0447c2a6faba', 'created': '2022-08-28T16:34:16.263653'}
2022-08-28T16:34:16.365699+00:00 CRITICAL 'ansible_navigator.actions.run_6b01._handle_message' Unhandled message from runner queue, discarded: {'event': 'verbose', 'uuid': '79a1b2ef-1b38-4fcd-a6f6-9e6e171d2cc1', 'counter': 5, 'stdout': '\x1b[0;31m\x1b[0m', 'start_line': 4, 'end_line': 5, 'runner_ident': '6f96a02c-a829-476c-a390-0447c2a6faba', 'created': '2022-08-28T16:34:16.263736'}
2022-08-28T16:34:16.365785+00:00 CRITICAL 'ansible_navigator.actions.run_6b01._handle_message' Unhandled message from runner queue, discarded: {'event': 'verbose', 'uuid': '9682859a-fef5-482a-a25f-23d93b88f501', 'counter': 6, 'stdout': '\x1b[0;31mThe offending line appears to be:\x1b[0m', 'start_line': 5, 'end_line': 6, 'runner_ident': '6f96a02c-a829-476c-a390-0447c2a6faba', 'created': '2022-08-28T16:34:16.263837'}
2022-08-28T16:34:16.365862+00:00 CRITICAL 'ansible_navigator.actions.run_6b01._handle_message' Unhandled message from runner queue, discarded: {'event': 'verbose', 'uuid': '73f783bf-ea75-4206-8737-5676b7155113', 'counter': 7, 'stdout': '\x1b[0;31m\x1b[0m', 'start_line': 6, 'end_line': 7, 'runner_ident': '6f96a02c-a829-476c-a390-0447c2a6faba', 'created': '2022-08-28T16:34:16.263911'}
2022-08-28T16:34:16.365927+00:00 CRITICAL 'ansible_navigator.actions.run_6b01._handle_message' Unhandled message from runner queue, discarded: {'event': 'verbose', 'uuid': '06a53211-b46d-4a6f-8d5f-72b459a16745', 'counter': 8, 'stdout': '\x1b[0;31m\x1b[0m', 'start_line': 7, 'end_line': 8, 'runner_ident': '6f96a02c-a829-476c-a390-0447c2a6faba', 'created': '2022-08-28T16:34:16.263986'}
2022-08-28T16:34:16.365991+00:00 CRITICAL 'ansible_navigator.actions.run_6b01._handle_message' Unhandled message from runner queue, discarded: {'event': 'verbose', 'uuid': 'fd2372cd-ab28-4b2d-85b4-b6a97fd5d703', 'counter': 9, 'stdout': '\x1b[0;31m    - name: Create Gitlab Project\x1b[0m', 'start_line': 8, 'end_line': 9, 'runner_ident': '6f96a02c-a829-476c-a390-0447c2a6faba', 'created': '2022-08-28T16:34:16.264084'}
2022-08-28T16:34:16.366079+00:00 CRITICAL 'ansible_navigator.actions.run_6b01._handle_message' Unhandled message from runner queue, discarded: {'event': 'verbose', 'uuid': '230be814-3e65-49b9-bb28-b630f9a13a77', 'counter': 10, 'stdout': '\x1b[0;31m      ^ here\x1b[0m', 'start_line': 9, 'end_line': 10, 'runner_ident': '6f96a02c-a829-476c-a390-0447c2a6faba', 'created': '2022-08-28T16:34:16.264192'}
